/data/class/cs175/minh8/.conda/envs/rl4/lib/python3.7/site-packages/gym/logger.py:34: UserWarning: [33mWARN: Box bound precision lowered by casting to float32[0m
  warnings.warn(colorize("%s: %s" % ("WARN", msg % args), "yellow"))
WARNING:tensorflow:
The TensorFlow contrib module will not be included in TensorFlow 2.0.
For more information, please see:
  * https://github.com/tensorflow/community/blob/master/rfcs/20180907-contrib-sunset.md
  * https://github.com/tensorflow/addons
  * https://github.com/tensorflow/io (for I/O related ops)
If you depend on functionality not listed there, please file an issue.

/data/class/cs175/minh8/.conda/envs/rl4/lib/python3.7/site-packages/stable_baselines/__init__.py:33: UserWarning: stable-baselines is in maintenance mode, please use [Stable-Baselines3 (SB3)](https://github.com/DLR-RM/stable-baselines3) for an up-to-date version. You can find a [migration guide](https://stable-baselines3.readthedocs.io/en/master/guide/migration.html) in SB3 documentation.
  "stable-baselines is in maintenance mode, please use [Stable-Baselines3 (SB3)](https://github.com/DLR-RM/stable-baselines3) for an up-to-date version. You can find a [migration guide](https://stable-baselines3.readthedocs.io/en/master/guide/migration.html) in SB3 documentation."
WARNING:tensorflow:From /data/class/cs175/minh8/.conda/envs/rl4/lib/python3.7/site-packages/stable_baselines/common/tf_util.py:191: The name tf.ConfigProto is deprecated. Please use tf.compat.v1.ConfigProto instead.

WARNING:tensorflow:From /data/class/cs175/minh8/.conda/envs/rl4/lib/python3.7/site-packages/stable_baselines/common/tf_util.py:200: The name tf.Session is deprecated. Please use tf.compat.v1.Session instead.

WARNING:tensorflow:From /data/class/cs175/minh8/.conda/envs/rl4/lib/python3.7/site-packages/stable_baselines/common/policies.py:116: The name tf.variable_scope is deprecated. Please use tf.compat.v1.variable_scope instead.

WARNING:tensorflow:From /data/class/cs175/minh8/.conda/envs/rl4/lib/python3.7/site-packages/stable_baselines/common/input.py:25: The name tf.placeholder is deprecated. Please use tf.compat.v1.placeholder instead.

WARNING:tensorflow:From /data/class/cs175/minh8/.conda/envs/rl4/lib/python3.7/site-packages/stable_baselines/common/tf_layers.py:103: The name tf.get_variable is deprecated. Please use tf.compat.v1.get_variable instead.

WARNING:tensorflow:From /data/class/cs175/minh8/.conda/envs/rl4/lib/python3.7/site-packages/stable_baselines/common/distributions.py:326: The name tf.random_uniform is deprecated. Please use tf.random.uniform instead.

WARNING:tensorflow:From /data/class/cs175/minh8/.conda/envs/rl4/lib/python3.7/site-packages/stable_baselines/common/distributions.py:327: The name tf.log is deprecated. Please use tf.math.log instead.

WARNING:tensorflow:From /data/class/cs175/minh8/.conda/envs/rl4/lib/python3.7/site-packages/stable_baselines/ppo2/ppo2.py:190: The name tf.summary.scalar is deprecated. Please use tf.compat.v1.summary.scalar instead.

WARNING:tensorflow:From /data/class/cs175/minh8/.conda/envs/rl4/lib/python3.7/site-packages/stable_baselines/ppo2/ppo2.py:198: The name tf.trainable_variables is deprecated. Please use tf.compat.v1.trainable_variables instead.

WARNING:tensorflow:From /data/class/cs175/minh8/.conda/envs/rl4/lib/python3.7/site-packages/tensorflow_core/python/ops/math_grad.py:1424: where (from tensorflow.python.ops.array_ops) is deprecated and will be removed in a future version.
Instructions for updating:
Use tf.where in 2.0, which has the same broadcast rule as np.where
WARNING:tensorflow:From /data/class/cs175/minh8/.conda/envs/rl4/lib/python3.7/site-packages/stable_baselines/ppo2/ppo2.py:206: The name tf.train.AdamOptimizer is deprecated. Please use tf.compat.v1.train.AdamOptimizer instead.

WARNING:tensorflow:From /data/class/cs175/minh8/.conda/envs/rl4/lib/python3.7/site-packages/stable_baselines/ppo2/ppo2.py:240: The name tf.global_variables_initializer is deprecated. Please use tf.compat.v1.global_variables_initializer instead.

WARNING:tensorflow:From /data/class/cs175/minh8/.conda/envs/rl4/lib/python3.7/site-packages/stable_baselines/ppo2/ppo2.py:242: The name tf.summary.merge_all is deprecated. Please use tf.compat.v1.summary.merge_all instead.

actions (398584, 1)
obs (398584,)
rewards (398584,)
episode_returns (209,)
episode_starts (398584,)
Total trajectories: -1
Total transitions: 398584
Average returns: 0.0
Std for returns: 0.0
Pretraining with Behavior Cloning...
WARNING:tensorflow:From /data/class/cs175/minh8/.conda/envs/rl4/lib/python3.7/site-packages/stable_baselines/common/base_class.py:1169: The name tf.summary.FileWriter is deprecated. Please use tf.compat.v1.summary.FileWriter instead.

/data/class/cs175/minh8/.conda/envs/rl4/lib/python3.7/site-packages/gym/logger.py:34: UserWarning: [33mWARN: Box bound precision lowered by casting to float32[0m
  warnings.warn(colorize("%s: %s" % ("WARN", msg % args), "yellow"))
/data/class/cs175/minh8/.conda/envs/rl4/lib/python3.7/runpy.py:125: RuntimeWarning: 'minerl.utils.process_watcher' found in sys.modules after import of package 'minerl.utils', but prior to execution of 'minerl.utils.process_watcher'; this may result in unpredictable behaviour
  warn(RuntimeWarning(msg))
==== Training progress 10.00% ====
Epoch 1
Training loss: 0.932325, Validation loss: 0.861914

==== Training progress 20.00% ====
Epoch 2
Training loss: 0.840041, Validation loss: 0.828556

==== Training progress 30.00% ====
Epoch 3
Training loss: 0.804676, Validation loss: 0.801207

==== Training progress 40.00% ====
Epoch 4
Training loss: 0.779027, Validation loss: 0.792264

==== Training progress 50.00% ====
Epoch 5
Training loss: 0.757017, Validation loss: 0.778359

==== Training progress 60.00% ====
Epoch 6
Training loss: 0.734969, Validation loss: 0.766610

==== Training progress 70.00% ====
Epoch 7
Training loss: 0.714138, Validation loss: 0.766232

==== Training progress 80.00% ====
Epoch 8
Training loss: 0.692169, Validation loss: 0.753705

==== Training progress 90.00% ====
Epoch 9
Training loss: 0.669608, Validation loss: 0.742228

==== Training progress 100.00% ====
Epoch 10
Training loss: 0.647729, Validation loss: 0.737826

Pretraining done.
----------------------------------
| approxkl           | 7.353036  |
| clipfrac           | 0.7636719 |
| explained_variance | 0.155     |
| fps                | 2         |
| n_updates          | 1         |
| policy_entropy     | 0.7562452 |
| policy_loss        | 0.1328368 |
| serial_timesteps   | 128       |
| time_elapsed       | 3.62e-05  |
| total_timesteps    | 128       |
| value_loss         | 2.4234884 |
----------------------------------
-------------------------------------
| approxkl           | 0.06623261   |
| clipfrac           | 0.49804688   |
| explained_variance | -18.1        |
| fps                | 80           |
| n_updates          | 2            |
| policy_entropy     | 1.7250443    |
| policy_loss        | 0.0053684963 |
| serial_timesteps   | 256          |
| time_elapsed       | 56.9         |
| total_timesteps    | 256          |
| value_loss         | 0.043536667  |
-------------------------------------
-------------------------------------
| approxkl           | 0.039524496  |
| clipfrac           | 0.47265625   |
| explained_variance | -23          |
| fps                | 123          |
| n_updates          | 3            |
| policy_entropy     | 1.8331664    |
| policy_loss        | -0.04190366  |
| serial_timesteps   | 384          |
| time_elapsed       | 58.5         |
| total_timesteps    | 384          |
| value_loss         | 0.0059089325 |
-------------------------------------
-------------------------------------
| approxkl           | 0.026548102  |
| clipfrac           | 0.38671875   |
| explained_variance | -1.68        |
| fps                | 98           |
| n_updates          | 4            |
| policy_entropy     | 1.7790513    |
| policy_loss        | -0.028109364 |
| serial_timesteps   | 512          |
| time_elapsed       | 59.5         |
| total_timesteps    | 512          |
| value_loss         | 0.0052807448 |
-------------------------------------
------------------------------------
| approxkl           | 0.053540085 |
| clipfrac           | 0.4453125   |
| explained_variance | -18.8       |
| fps                | 125         |
| n_updates          | 5           |
| policy_entropy     | 1.7343264   |
| policy_loss        | -0.04820599 |
| serial_timesteps   | 640         |
| time_elapsed       | 60.8        |
| total_timesteps    | 640         |
| value_loss         | 0.002562725 |
------------------------------------
-------------------------------------
| approxkl           | 0.062342167  |
| clipfrac           | 0.46484375   |
| explained_variance | -7.02        |
| fps                | 102          |
| n_updates          | 6            |
| policy_entropy     | 1.7510631    |
| policy_loss        | -0.01956716  |
| serial_timesteps   | 768          |
| time_elapsed       | 61.8         |
| total_timesteps    | 768          |
| value_loss         | 0.0021482192 |
-------------------------------------
-------------------------------------
| approxkl           | 0.031956714  |
| clipfrac           | 0.3359375    |
| explained_variance | -3.09        |
| fps                | 77           |
| n_updates          | 7            |
| policy_entropy     | 1.800041     |
| policy_loss        | -0.023924608 |
| serial_timesteps   | 896          |
| time_elapsed       | 63.1         |
| total_timesteps    | 896          |
| value_loss         | 0.0013343688 |
-------------------------------------
0it [00:00, ?it/s]WARNING:tensorflow:From /data/class/cs175/minh8/.conda/envs/rl4/lib/python3.7/site-packages/stable_baselines/common/tf_util.py:502: The name tf.Summary is deprecated. Please use tf.compat.v1.Summary instead.

-------------------------------------
| approxkl           | 0.15539013   |
| clipfrac           | 0.46679688   |
| explained_variance | 0.802        |
| fps                | 5            |
| n_updates          | 8            |
| policy_entropy     | 1.8261389    |
| policy_loss        | -0.07233502  |
| serial_timesteps   | 1024         |
| time_elapsed       | 64.7         |
| total_timesteps    | 1024         |
| value_loss         | 0.0034987358 |
-------------------------------------
------------------------------------
| approxkl           | 0.091152504 |
| clipfrac           | 0.53515625  |
| explained_variance | 0.0538      |
| fps                | 68          |
| n_updates          | 9           |
| policy_entropy     | 1.7116774   |
| policy_loss        | -0.05316238 |
| serial_timesteps   | 1152        |
| time_elapsed       | 87.2        |
| total_timesteps    | 1152        |
| value_loss         | 0.009163176 |
------------------------------------
-------------------------------------
| approxkl           | 0.14977765   |
| clipfrac           | 0.453125     |
| explained_variance | -68.4        |
| fps                | 84           |
| n_updates          | 10           |
| policy_entropy     | 1.7779251    |
| policy_loss        | -0.049104366 |
| serial_timesteps   | 1280         |
| time_elapsed       | 89.1         |
| total_timesteps    | 1280         |
| value_loss         | 0.002339898  |
-------------------------------------
--------------------------------------
| approxkl           | 0.051851295   |
| clipfrac           | 0.5058594     |
| explained_variance | -2.21         |
| fps                | 106           |
| n_updates          | 11            |
| policy_entropy     | 1.840351      |
| policy_loss        | -0.024919637  |
| serial_timesteps   | 1408          |
| time_elapsed       | 90.6          |
| total_timesteps    | 1408          |
| value_loss         | 0.00065647333 |
--------------------------------------
-------------------------------------
| approxkl           | 0.06372748   |
| clipfrac           | 0.47460938   |
| explained_variance | -5.35        |
| fps                | 107          |
| n_updates          | 12           |
| policy_entropy     | 1.7861053    |
| policy_loss        | -0.06268162  |
| serial_timesteps   | 1536         |
| time_elapsed       | 91.8         |
| total_timesteps    | 1536         |
| value_loss         | 0.0007699754 |
-------------------------------------
-------------------------------------
| approxkl           | 0.17337468   |
| clipfrac           | 0.45117188   |
| explained_variance | -13.3        |
| fps                | 119          |
| n_updates          | 13           |
| policy_entropy     | 1.7009608    |
| policy_loss        | -0.06037741  |
| serial_timesteps   | 1664         |
| time_elapsed       | 93           |
| total_timesteps    | 1664         |
| value_loss         | 0.0016655994 |
-------------------------------------
-------------------------------------
| approxkl           | 0.12028731   |
| clipfrac           | 0.51953125   |
| explained_variance | -9.95        |
| fps                | 115          |
| n_updates          | 14           |
| policy_entropy     | 1.697554     |
| policy_loss        | -0.046787936 |
| serial_timesteps   | 1792         |
| time_elapsed       | 94.1         |
| total_timesteps    | 1792         |
| value_loss         | 0.0011366679 |
-------------------------------------
-------------------------------------
| approxkl           | 0.07349631   |
| clipfrac           | 0.5234375    |
| explained_variance | -2.75        |
| fps                | 96           |
| n_updates          | 15           |
| policy_entropy     | 1.4191816    |
| policy_loss        | -0.047390632 |
| serial_timesteps   | 1920         |
| time_elapsed       | 95.2         |
| total_timesteps    | 1920         |
| value_loss         | 0.001220711  |
-------------------------------------
--------------------------------------
| approxkl           | 0.048688818   |
| clipfrac           | 0.41210938    |
| explained_variance | -0.136        |
| fps                | 5             |
| n_updates          | 16            |
| policy_entropy     | 1.5150067     |
| policy_loss        | -0.021567285  |
| serial_timesteps   | 2048          |
| time_elapsed       | 96.5          |
| total_timesteps    | 2048          |
| value_loss         | 0.00029291955 |
--------------------------------------
--------------------------------------
| approxkl           | 0.038672194   |
| clipfrac           | 0.41210938    |
| explained_variance | -1.62         |
| fps                | 71            |
| n_updates          | 17            |
| policy_entropy     | 1.7238224     |
| policy_loss        | -0.017631248  |
| serial_timesteps   | 2176          |
| time_elapsed       | 120           |
| total_timesteps    | 2176          |
| value_loss         | 0.00048550725 |
--------------------------------------
--------------------------------------
| approxkl           | 0.04645338    |
| clipfrac           | 0.36914062    |
| explained_variance | -2.77         |
| fps                | 69            |
| n_updates          | 18            |
| policy_entropy     | 1.6893044     |
| policy_loss        | -0.04874402   |
| serial_timesteps   | 2304          |
| time_elapsed       | 122           |
| total_timesteps    | 2304          |
| value_loss         | 0.00014360063 |
--------------------------------------
--------------------------------------
| approxkl           | 0.03616961    |
| clipfrac           | 0.41601562    |
| explained_variance | -8.39         |
| fps                | 80            |
| n_updates          | 19            |
| policy_entropy     | 1.782037      |
| policy_loss        | -0.042166833  |
| serial_timesteps   | 2432          |
| time_elapsed       | 124           |
| total_timesteps    | 2432          |
| value_loss         | 0.00022833998 |
--------------------------------------
--------------------------------------
| approxkl           | 0.069745585   |
| clipfrac           | 0.5175781     |
| explained_variance | -2.51         |
| fps                | 81            |
| n_updates          | 20            |
| policy_entropy     | 1.6592398     |
| policy_loss        | -0.036188368  |
| serial_timesteps   | 2560          |
| time_elapsed       | 125           |
| total_timesteps    | 2560          |
| value_loss         | 0.00020888569 |
--------------------------------------
--------------------------------------
| approxkl           | 0.03318455    |
| clipfrac           | 0.390625      |
| explained_variance | -3.64         |
| fps                | 74            |
| n_updates          | 21            |
| policy_entropy     | 1.7591987     |
| policy_loss        | -0.055362463  |
| serial_timesteps   | 2688          |
| time_elapsed       | 127           |
| total_timesteps    | 2688          |
| value_loss         | 0.00015080733 |
--------------------------------------
--------------------------------------
| approxkl           | 0.042841133   |
| clipfrac           | 0.35742188    |
| explained_variance | -10.5         |
| fps                | 57            |
| n_updates          | 22            |
| policy_entropy     | 1.7628629     |
| policy_loss        | -0.07864207   |
| serial_timesteps   | 2816          |
| time_elapsed       | 129           |
| total_timesteps    | 2816          |
| value_loss         | 0.00022501317 |
--------------------------------------
--------------------------------------
| approxkl           | 0.17100126    |
| clipfrac           | 0.5488281     |
| explained_variance | -8.28         |
| fps                | 54            |
| n_updates          | 23            |
| policy_entropy     | 1.4719516     |
| policy_loss        | -0.07640275   |
| serial_timesteps   | 2944          |
| time_elapsed       | 131           |
| total_timesteps    | 2944          |
| value_loss         | 0.00059602596 |
--------------------------------------
-------------------------------------
| approxkl           | 0.10975219   |
| clipfrac           | 0.5058594    |
| explained_variance | -2.77        |
| fps                | 5            |
| n_updates          | 24           |
| policy_entropy     | 1.3059845    |
| policy_loss        | -0.056055844 |
| serial_timesteps   | 3072         |
| time_elapsed       | 133          |
| total_timesteps    | 3072         |
| value_loss         | 0.0007227028 |
-------------------------------------
--------------------------------------
| approxkl           | 0.08767588    |
| clipfrac           | 0.5605469     |
| explained_variance | -8.11         |
| fps                | 72            |
| n_updates          | 25            |
| policy_entropy     | 1.6763064     |
| policy_loss        | -0.064267464  |
| serial_timesteps   | 3200          |
| time_elapsed       | 157           |
| total_timesteps    | 3200          |
| value_loss         | 0.00042986873 |
--------------------------------------
--------------------------------------
| approxkl           | 0.0665991     |
| clipfrac           | 0.53515625    |
| explained_variance | -2.69         |
| fps                | 147           |
| n_updates          | 26            |
| policy_entropy     | 1.7941357     |
| policy_loss        | -0.05692664   |
| serial_timesteps   | 3328          |
| time_elapsed       | 159           |
| total_timesteps    | 3328          |
| value_loss         | 0.00045429324 |
--------------------------------------
--------------------------------------
| approxkl           | 0.056096807   |
| clipfrac           | 0.48242188    |
| explained_variance | -2.7          |
| fps                | 148           |
| n_updates          | 27            |
| policy_entropy     | 1.7509851     |
| policy_loss        | -0.058067195  |
| serial_timesteps   | 3456          |
| time_elapsed       | 159           |
| total_timesteps    | 3456          |
| value_loss         | 0.00045317694 |
--------------------------------------
--------------------------------------
| approxkl           | 0.055686947   |
| clipfrac           | 0.484375      |
| explained_variance | -9.66         |
| fps                | 146           |
| n_updates          | 28            |
| policy_entropy     | 1.754871      |
| policy_loss        | -0.02533258   |
| serial_timesteps   | 3584          |
| time_elapsed       | 160           |
| total_timesteps    | 3584          |
| value_loss         | 0.00035293415 |
--------------------------------------
--------------------------------------
| approxkl           | 0.05746758    |
| clipfrac           | 0.36132812    |
| explained_variance | -0.804        |
| fps                | 108           |
| n_updates          | 29            |
| policy_entropy     | 1.8213315     |
| policy_loss        | -0.058505338  |
| serial_timesteps   | 3712          |
| time_elapsed       | 161           |
| total_timesteps    | 3712          |
| value_loss         | 0.00037884017 |
--------------------------------------
--------------------------------------
| approxkl           | 0.07488636    |
| clipfrac           | 0.5097656     |
| explained_variance | -8.55         |
| fps                | 139           |
| n_updates          | 30            |
| policy_entropy     | 1.716215      |
| policy_loss        | -0.062031306  |
| serial_timesteps   | 3840          |
| time_elapsed       | 162           |
| total_timesteps    | 3840          |
| value_loss         | 0.00042753894 |
--------------------------------------
--------------------------------------
| approxkl           | 0.15216957    |
| clipfrac           | 0.48632812    |
| explained_variance | -24.4         |
| fps                | 67            |
| n_updates          | 31            |
| policy_entropy     | 1.7350843     |
| policy_loss        | -0.07648813   |
| serial_timesteps   | 3968          |
| time_elapsed       | 163           |
| total_timesteps    | 3968          |
| value_loss         | 0.00065147044 |
--------------------------------------
--------------------------------------
| approxkl           | 0.091850996   |
| clipfrac           | 0.52734375    |
| explained_variance | -3.86         |
| fps                | 5             |
| n_updates          | 32            |
| policy_entropy     | 1.7165824     |
| policy_loss        | -0.061380725  |
| serial_timesteps   | 4096          |
| time_elapsed       | 165           |
| total_timesteps    | 4096          |
| value_loss         | 0.00062429154 |
--------------------------------------
-------------------------------------
| approxkl           | 0.06449475   |
| clipfrac           | 0.49804688   |
| explained_variance | -6.74        |
| fps                | 57           |
| n_updates          | 33           |
| policy_entropy     | 1.7341197    |
| policy_loss        | -0.04687678  |
| serial_timesteps   | 4224         |
| time_elapsed       | 188          |
| total_timesteps    | 4224         |
| value_loss         | 0.0006766061 |
-------------------------------------
--------------------------------------
| approxkl           | 0.08862858    |
| clipfrac           | 0.578125      |
| explained_variance | -6.76         |
| fps                | 111           |
| n_updates          | 34            |
| policy_entropy     | 1.662143      |
| policy_loss        | -0.041791104  |
| serial_timesteps   | 4352          |
| time_elapsed       | 191           |
| total_timesteps    | 4352          |
| value_loss         | 0.00063042855 |
--------------------------------------
--------------------------------------
| approxkl           | 0.07189382    |
| clipfrac           | 0.5136719     |
| explained_variance | -1.88         |
| fps                | 81            |
| n_updates          | 35            |
| policy_entropy     | 1.7643397     |
| policy_loss        | -0.06621593   |
| serial_timesteps   | 4480          |
| time_elapsed       | 192           |
| total_timesteps    | 4480          |
| value_loss         | 0.00035400258 |
--------------------------------------
-------------------------------------
| approxkl           | 0.34692174   |
| clipfrac           | 0.4609375    |
| explained_variance | -5.64        |
| fps                | 129          |
| n_updates          | 36           |
| policy_entropy     | 1.489074     |
| policy_loss        | -0.059092574 |
| serial_timesteps   | 4608         |
| time_elapsed       | 193          |
| total_timesteps    | 4608         |
| value_loss         | 0.0008161722 |
-------------------------------------
--------------------------------------
| approxkl           | 0.08409679    |
| clipfrac           | 0.44921875    |
| explained_variance | -13.1         |
| fps                | 102           |
| n_updates          | 37            |
| policy_entropy     | 1.5090258     |
| policy_loss        | -0.041129656  |
| serial_timesteps   | 4736          |
| time_elapsed       | 194           |
| total_timesteps    | 4736          |
| value_loss         | 0.00070452585 |
--------------------------------------
--------------------------------------
| approxkl           | 0.08560775    |
| clipfrac           | 0.40625       |
| explained_variance | -4.94         |
| fps                | 63            |
| n_updates          | 38            |
| policy_entropy     | 1.694377      |
| policy_loss        | -0.034163345  |
| serial_timesteps   | 4864          |
| time_elapsed       | 196           |
| total_timesteps    | 4864          |
| value_loss         | 0.00043525302 |
--------------------------------------
--------------------------------------
| approxkl           | 0.23839566    |
| clipfrac           | 0.5           |
| explained_variance | -0.271        |
| fps                | 94            |
| n_updates          | 39            |
| policy_entropy     | 1.7585715     |
| policy_loss        | -0.06270572   |
| serial_timesteps   | 4992          |
| time_elapsed       | 198           |
| total_timesteps    | 4992          |
| value_loss         | 0.00046845514 |
--------------------------------------
