[01:22:25] [Thread-4/INFO]: [STDOUT]: SERVER enter state: DORMANT
[01:22:25] [EnvServerSocketHandler/INFO]: Received Mission token 09e7ddbd-5315-4207-a67c-eb2ac7524dd8:0:0:1:true
[01:22:25] [EnvServerSocketHandler/INFO]: Received mission init command  <MissionInit xmlns="http://ProjectMalmo.microsoft.com" xmlns:xsi="http://www.w3.org/2001/XMLSchema-instance" SchemaVersion="" PlatformVersion="0.37.0"><Mission><About><Summary>MineRLTreechop-v0</Summary></About><ModSettings><MsPerTick>50</MsPerTick></ModSettings><ServerSection><HumanInteraction><Port>None</Port><MaxPlayers>10</MaxPlayers></HumanInteraction><ServerInitialConditions><Time><AllowPassageOfTime>false</AllowPassageOfTime></Time><AllowSpawning>true</AllowSpawning></ServerInitialConditions><ServerHandlers><DefaultWorldGenerator forceReset="true" generatorOptions="{&quot;coordinateScale&quot;:684.412,&quot;heightScale&quot;:684.412,&quot;lowerLimitScale&quot;:512.0,&quot;upperLimitScale&quot;:512.0,&quot;depthNoiseScaleX&quot;:200.0,&quot;depthNoiseScaleZ&quot;:200.0,&quot;depthNoiseScaleExponent&quot;:0.5,&quot;mainNoiseScaleX&quot;:80.0,&quot;mainNoiseScaleY&quot;:160.0,&quot;mainNoiseScaleZ&quot;:80.0,&quot;baseSize&quot;:8.5,&quot;stretchY&quot;:12.0,&quot;biomeDepthWeight&quot;:1.0,&quot;biomeDepthOffset&quot;:0.0,&quot;biomeScaleWeight&quot;:1.0,&quot;biomeScaleOffset&quot;:0.0,&quot;seaLevel&quot;:1,&quot;useCaves&quot;:false,&quot;useDungeons&quot;:false,&quot;dungeonChance&quot;:8,&quot;useStrongholds&quot;:false,&quot;useVillages&quot;:false,&quot;useMineShafts&quot;:false,&quot;useTemples&quot;:false,&quot;useMonuments&quot;:false,&quot;useMansions&quot;:false,&quot;useRavines&quot;:false,&quot;useWaterLakes&quot;:false,&quot;waterLakeChance&quot;:4,&quot;useLavaLakes&quot;:false,&quot;lavaLakeChance&quot;:80,&quot;useLavaOceans&quot;:false,&quot;fixedBiome&quot;:4,&quot;biomeSize&quot;:4,&quot;riverSize&quot;:1,&quot;dirtSize&quot;:33,&quot;dirtCount&quot;:10,&quot;dirtMinHeight&quot;:0,&quot;dirtMaxHeight&quot;:256,&quot;gravelSize&quot;:33,&quot;gravelCount&quot;:8,&quot;gravelMinHeight&quot;:0,&quot;gravelMaxHeight&quot;:256,&quot;graniteSize&quot;:33,&quot;graniteCount&quot;:10,&quot;graniteMinHeight&quot;:0,&quot;graniteMaxHeight&quot;:80,&quot;dioriteSize&quot;:33,&quot;dioriteCount&quot;:10,&quot;dioriteMinHeight&quot;:0,&quot;dioriteMaxHeight&quot;:80,&quot;andesiteSize&quot;:33,&quot;andesiteCount&quot;:10,&quot;andesiteMinHeight&quot;:0,&quot;andesiteMaxHeight&quot;:80,&quot;coalSize&quot;:17,&quot;coalCount&quot;:20,&quot;coalMinHeight&quot;:0,&quot;coalMaxHeight&quot;:128,&quot;ironSize&quot;:9,&quot;ironCount&quot;:20,&quot;ironMinHeight&quot;:0,&quot;ironMaxHeight&quot;:64,&quot;goldSize&quot;:9,&quot;goldCount&quot;:2,&quot;goldMinHeight&quot;:0,&quot;goldMaxHeight&quot;:32,&quot;redstoneSize&quot;:8,&quot;redstoneCount&quot;:8,&quot;redstoneMinHeight&quot;:0,&quot;redstoneMaxHeight&quot;:16,&quot;diamondSize&quot;:8,&quot;diamondCount&quot;:1,&quot;diamondMinHeight&quot;:0,&quot;diamondMaxHeight&quot;:16,&quot;lapisSize&quot;:7,&quot;lapisCount&quot;:1,&quot;lapisCenterHeight&quot;:16,&quot;lapisSpread&quot;:16}"/><ServerQuitFromTimeUp timeLimitMs="400000" description="out_of_time"/><ServerQuitWhenAnyAgentFinishes/></ServerHandlers></ServerSection><AgentSection mode="Survival"><Name>MineRLAgent0</Name><AgentStart><GuiScale>1.0</GuiScale><GammaSetting>2.0</GammaSetting><FOVSetting>70.0</FOVSetting><FakeCursorSize>16</FakeCursorSize><Inventory><InventoryObject slot="0" type="iron_axe" quantity="1"/></Inventory></AgentStart><AgentHandlers><FileBasedPerformanceProducer/><PauseCommand/><VideoProducer want_depth="false"><Width>64</Width><Height>64</Height></VideoProducer><HumanLevelCommands/><CameraCommands/><RewardForPossessingItem sparse="false" excludeLoops="true"><Item amount="1" reward="1.0" type="log"/></RewardForPossessingItem><AgentQuitFromPossessingItem><Item type="log" amount="64"/></AgentQuitFromPossessingItem></AgentHandlers></AgentSection></Mission><ExperimentUID>09e7ddbd-5315-4207-a67c-eb2ac7524dd8</ExperimentUID><ClientRole>0</ClientRole><ClientAgentConnection><ClientIPAddress>127.0.0.1</ClientIPAddress><ClientMissionControlPort>0</ClientMissionControlPort><ClientCommandsPort>0</ClientCommandsPort><AgentIPAddress>127.0.0.1</AgentIPAddress><AgentMissionControlPort>0</AgentMissionControlPort><AgentVideoPort>0</AgentVideoPort><AgentDepthPort>0</AgentDepthPort><AgentLuminancePort>0</AgentLuminancePort><AgentObservationsPort>0</AgentObservationsPort><AgentRewardsPort>0</AgentRewardsPort><AgentColourMapPort>0</AgentColourMapPort></ClientAgentConnection></MissionInit>
[01:22:26] [Render thread/INFO]: [STDOUT]: *** creating fake mouse cursor ***
[01:22:26] [EnvServerSocketHandler/INFO]: [STDOUT]: Setting width, height to 64, 64
[01:22:26] [EnvServerSocketHandler/INFO]: [STDOUT]: Gamma: 2.0
[01:22:26] [EnvServerSocketHandler/INFO]: [STDOUT]: FOV: 70.0
[01:22:26] [EnvServerSocketHandler/INFO]: [STDOUT]: GuiScale: 1.0
[01:22:26] [Render thread/INFO]: [STDOUT]: Seed not provided, generating random one: 3734360242907610222
[01:22:26] [Render thread/WARN]: Ambiguity between arguments [teleport, destination] and [teleport, targets] with inputs: [Player, 0123, @e, dd12be42-52a9-4a91-a8a1-11c01849e498]
[01:22:26] [Render thread/WARN]: Ambiguity between arguments [teleport, location] and [teleport, destination] with inputs: [0.1 -0.5 .9, 0 0 0]
[01:22:26] [Render thread/WARN]: Ambiguity between arguments [teleport, location] and [teleport, targets] with inputs: [0.1 -0.5 .9, 0 0 0]
[01:22:26] [Render thread/WARN]: Ambiguity between arguments [teleport, targets] and [teleport, destination] with inputs: [Player, 0123, dd12be42-52a9-4a91-a8a1-11c01849e498]
[01:22:26] [Render thread/WARN]: Ambiguity between arguments [teleport, targets, location] and [teleport, targets, destination] with inputs: [0.1 -0.5 .9, 0 0 0]
[01:22:26] [Render thread/INFO]: Reloading ResourceManager: Default
[01:22:26] [Render thread/INFO]: Loaded 7 recipes
[01:22:27] [Render thread/INFO]: Loaded 927 advancements
[01:22:27] [Render thread/INFO]: Environment: authHost='https://authserver.mojang.com', accountsHost='https://api.mojang.com', sessionHost='https://sessionserver.mojang.com', servicesHost='https://api.minecraftservices.com', name='PROD'
[01:22:27] [Render thread/INFO]: Starting integrated minecraft server version 1.16.5
[01:22:27] [Render thread/INFO]: Generating keypair
[01:22:32] [Render thread/INFO]: Preparing start region for dimension minecraft:overworld
[01:22:43] [Render thread/INFO]: Changing view distance to 11, from 10
[01:22:44] [Render thread/INFO]: MineRLAgent0[local:E:63e48e5a] logged in with entity id 246 at (466.5, 63.0, 698.5)
[01:22:44] [Render thread/INFO]: MineRLAgent0 joined the game
[01:22:44] [Render thread/INFO]: Preparing spawn area: 0%
[01:22:44] [Render thread/INFO]: Time elapsed: 4 ms
[01:22:44] [Render thread/INFO]: [STDOUT]: Starting new video null
[01:22:44] [Render thread/INFO]: Saving and pausing game...
[01:22:44] [Render thread/INFO]: Saving chunks for level 'ServerLevel[mcpworld466f99aceded]'/minecraft:overworld
[01:22:45] [Render thread/INFO]: Saving chunks for level 'ServerLevel[mcpworld466f99aceded]'/minecraft:the_nether
[01:22:45] [Render thread/INFO]: Saving chunks for level 'ServerLevel[mcpworld466f99aceded]'/minecraft:the_end
[01:22:45] [Render thread/INFO]: Loaded 3 advancements
[01:28:38] [Render thread/INFO]: [STDOUT]: Starting new video null
[01:30:44] [EnvServerSocketHandler/INFO]: [STDOUT]: *** Stopping the replay, returning control to the inputs
[01:30:44] [EnvServerSocketHandler/INFO]: Received Mission token 4ae0312c-71f2-4c5f-aab2-4ebb0a5194a2:0:0:1:true
[01:30:44] [EnvServerSocketHandler/INFO]: Received mission init command  <MissionInit xmlns="http://ProjectMalmo.microsoft.com" xmlns:xsi="http://www.w3.org/2001/XMLSchema-instance" SchemaVersion="" PlatformVersion="0.37.0"><Mission><About><Summary>MineRLTreechop-v0</Summary></About><ModSettings><MsPerTick>50</MsPerTick></ModSettings><ServerSection><HumanInteraction><Port>None</Port><MaxPlayers>10</MaxPlayers></HumanInteraction><ServerInitialConditions><Time><AllowPassageOfTime>false</AllowPassageOfTime></Time><AllowSpawning>true</AllowSpawning></ServerInitialConditions><ServerHandlers><DefaultWorldGenerator forceReset="true" generatorOptions="{&quot;coordinateScale&quot;:684.412,&quot;heightScale&quot;:684.412,&quot;lowerLimitScale&quot;:512.0,&quot;upperLimitScale&quot;:512.0,&quot;depthNoiseScaleX&quot;:200.0,&quot;depthNoiseScaleZ&quot;:200.0,&quot;depthNoiseScaleExponent&quot;:0.5,&quot;mainNoiseScaleX&quot;:80.0,&quot;mainNoiseScaleY&quot;:160.0,&quot;mainNoiseScaleZ&quot;:80.0,&quot;baseSize&quot;:8.5,&quot;stretchY&quot;:12.0,&quot;biomeDepthWeight&quot;:1.0,&quot;biomeDepthOffset&quot;:0.0,&quot;biomeScaleWeight&quot;:1.0,&quot;biomeScaleOffset&quot;:0.0,&quot;seaLevel&quot;:1,&quot;useCaves&quot;:false,&quot;useDungeons&quot;:false,&quot;dungeonChance&quot;:8,&quot;useStrongholds&quot;:false,&quot;useVillages&quot;:false,&quot;useMineShafts&quot;:false,&quot;useTemples&quot;:false,&quot;useMonuments&quot;:false,&quot;useMansions&quot;:false,&quot;useRavines&quot;:false,&quot;useWaterLakes&quot;:false,&quot;waterLakeChance&quot;:4,&quot;useLavaLakes&quot;:false,&quot;lavaLakeChance&quot;:80,&quot;useLavaOceans&quot;:false,&quot;fixedBiome&quot;:4,&quot;biomeSize&quot;:4,&quot;riverSize&quot;:1,&quot;dirtSize&quot;:33,&quot;dirtCount&quot;:10,&quot;dirtMinHeight&quot;:0,&quot;dirtMaxHeight&quot;:256,&quot;gravelSize&quot;:33,&quot;gravelCount&quot;:8,&quot;gravelMinHeight&quot;:0,&quot;gravelMaxHeight&quot;:256,&quot;graniteSize&quot;:33,&quot;graniteCount&quot;:10,&quot;graniteMinHeight&quot;:0,&quot;graniteMaxHeight&quot;:80,&quot;dioriteSize&quot;:33,&quot;dioriteCount&quot;:10,&quot;dioriteMinHeight&quot;:0,&quot;dioriteMaxHeight&quot;:80,&quot;andesiteSize&quot;:33,&quot;andesiteCount&quot;:10,&quot;andesiteMinHeight&quot;:0,&quot;andesiteMaxHeight&quot;:80,&quot;coalSize&quot;:17,&quot;coalCount&quot;:20,&quot;coalMinHeight&quot;:0,&quot;coalMaxHeight&quot;:128,&quot;ironSize&quot;:9,&quot;ironCount&quot;:20,&quot;ironMinHeight&quot;:0,&quot;ironMaxHeight&quot;:64,&quot;goldSize&quot;:9,&quot;goldCount&quot;:2,&quot;goldMinHeight&quot;:0,&quot;goldMaxHeight&quot;:32,&quot;redstoneSize&quot;:8,&quot;redstoneCount&quot;:8,&quot;redstoneMinHeight&quot;:0,&quot;redstoneMaxHeight&quot;:16,&quot;diamondSize&quot;:8,&quot;diamondCount&quot;:1,&quot;diamondMinHeight&quot;:0,&quot;diamondMaxHeight&quot;:16,&quot;lapisSize&quot;:7,&quot;lapisCount&quot;:1,&quot;lapisCenterHeight&quot;:16,&quot;lapisSpread&quot;:16}"/><ServerQuitFromTimeUp timeLimitMs="400000" description="out_of_time"/><ServerQuitWhenAnyAgentFinishes/></ServerHandlers></ServerSection><AgentSection mode="Survival"><Name>MineRLAgent0</Name><AgentStart><GuiScale>1.0</GuiScale><GammaSetting>2.0</GammaSetting><FOVSetting>70.0</FOVSetting><FakeCursorSize>16</FakeCursorSize><Inventory><InventoryObject slot="0" type="iron_axe" quantity="1"/></Inventory></AgentStart><AgentHandlers><FileBasedPerformanceProducer/><PauseCommand/><VideoProducer want_depth="false"><Width>64</Width><Height>64</Height></VideoProducer><HumanLevelCommands/><CameraCommands/><RewardForPossessingItem sparse="false" excludeLoops="true"><Item amount="1" reward="1.0" type="log"/></RewardForPossessingItem><AgentQuitFromPossessingItem><Item type="log" amount="64"/></AgentQuitFromPossessingItem></AgentHandlers></AgentSection></Mission><ExperimentUID>4ae0312c-71f2-4c5f-aab2-4ebb0a5194a2</ExperimentUID><ClientRole>0</ClientRole><ClientAgentConnection><ClientIPAddress>127.0.0.1</ClientIPAddress><ClientMissionControlPort>0</ClientMissionControlPort><ClientCommandsPort>0</ClientCommandsPort><AgentIPAddress>127.0.0.1</AgentIPAddress><AgentMissionControlPort>0</AgentMissionControlPort><AgentVideoPort>0</AgentVideoPort><AgentDepthPort>0</AgentDepthPort><AgentLuminancePort>0</AgentLuminancePort><AgentObservationsPort>0</AgentObservationsPort><AgentRewardsPort>0</AgentRewardsPort><AgentColourMapPort>0</AgentColourMapPort></ClientAgentConnection></MissionInit>
[01:30:44] [EnvServerSocketHandler/INFO]: [STDOUT]: Setting width, height to 64, 64
[01:30:44] [EnvServerSocketHandler/INFO]: [STDOUT]: Gamma: 2.0
[01:30:44] [EnvServerSocketHandler/INFO]: [STDOUT]: FOV: 70.0
[01:30:44] [EnvServerSocketHandler/INFO]: [STDOUT]: GuiScale: 1.0
[01:30:44] [Render thread/INFO]: [STDOUT]: Seed not provided, generating random one: 8240719424112569868
[01:30:44] [Render thread/WARN]: Ambiguity between arguments [teleport, destination] and [teleport, targets] with inputs: [Player, 0123, @e, dd12be42-52a9-4a91-a8a1-11c01849e498]
[01:30:44] [Render thread/WARN]: Ambiguity between arguments [teleport, location] and [teleport, destination] with inputs: [0.1 -0.5 .9, 0 0 0]
[01:30:44] [Render thread/WARN]: Ambiguity between arguments [teleport, location] and [teleport, targets] with inputs: [0.1 -0.5 .9, 0 0 0]
[01:30:44] [Render thread/WARN]: Ambiguity between arguments [teleport, targets] and [teleport, destination] with inputs: [Player, 0123, dd12be42-52a9-4a91-a8a1-11c01849e498]
[01:30:44] [Render thread/WARN]: Ambiguity between arguments [teleport, targets, location] and [teleport, targets, destination] with inputs: [0.1 -0.5 .9, 0 0 0]
[01:30:44] [Render thread/INFO]: Reloading ResourceManager: Default
[01:30:44] [Render thread/INFO]: Loaded 7 recipes
[01:30:44] [Render thread/INFO]: Loaded 927 advancements
[01:30:45] [Render thread/INFO]: Environment: authHost='https://authserver.mojang.com', accountsHost='https://api.mojang.com', sessionHost='https://sessionserver.mojang.com', servicesHost='https://api.minecraftservices.com', name='PROD'
[01:30:45] [Render thread/INFO]: Starting integrated minecraft server version 1.16.5
[01:30:45] [Render thread/INFO]: Generating keypair
[01:30:48] [Render thread/INFO]: Preparing start region for dimension minecraft:overworld
[01:30:58] [Render thread/INFO]: Changing view distance to 11, from 10
[01:30:58] [Render thread/INFO]: MineRLAgent0[local:E:cd6a4408] logged in with entity id 2133 at (-653.5, 68.0, -21.5)
[01:30:58] [Render thread/INFO]: MineRLAgent0 joined the game
[01:30:58] [Render thread/INFO]: Preparing spawn area: 20%
[01:30:58] [Render thread/INFO]: Time elapsed: 2 ms
[01:30:58] [Render thread/INFO]: [STDOUT]: Starting new video null
[01:30:58] [Render thread/INFO]: Saving and pausing game...
[01:30:58] [Render thread/INFO]: Saving chunks for level 'ServerLevel[mcpworld0cee19a038d6]'/minecraft:overworld
[01:30:59] [Render thread/INFO]: Saving chunks for level 'ServerLevel[mcpworld0cee19a038d6]'/minecraft:the_nether
[01:30:59] [Render thread/INFO]: Saving chunks for level 'ServerLevel[mcpworld0cee19a038d6]'/minecraft:the_end
[01:30:59] [Render thread/INFO]: Loaded 3 advancements
[01:32:57] [EnvServerSocketHandler/INFO]: [STDOUT]: *** Stopping the replay, returning control to the inputs
[01:32:57] [EnvServerSocketHandler/INFO]: Received Mission token f4393c49-0a46-4f73-b112-215a92efb833:0:0:1:true
[01:32:57] [EnvServerSocketHandler/INFO]: Received mission init command  <MissionInit xmlns="http://ProjectMalmo.microsoft.com" xmlns:xsi="http://www.w3.org/2001/XMLSchema-instance" SchemaVersion="" PlatformVersion="0.37.0"><Mission><About><Summary>MineRLTreechop-v0</Summary></About><ModSettings><MsPerTick>50</MsPerTick></ModSettings><ServerSection><HumanInteraction><Port>None</Port><MaxPlayers>10</MaxPlayers></HumanInteraction><ServerInitialConditions><Time><AllowPassageOfTime>false</AllowPassageOfTime></Time><AllowSpawning>true</AllowSpawning></ServerInitialConditions><ServerHandlers><DefaultWorldGenerator forceReset="true" generatorOptions="{&quot;coordinateScale&quot;:684.412,&quot;heightScale&quot;:684.412,&quot;lowerLimitScale&quot;:512.0,&quot;upperLimitScale&quot;:512.0,&quot;depthNoiseScaleX&quot;:200.0,&quot;depthNoiseScaleZ&quot;:200.0,&quot;depthNoiseScaleExponent&quot;:0.5,&quot;mainNoiseScaleX&quot;:80.0,&quot;mainNoiseScaleY&quot;:160.0,&quot;mainNoiseScaleZ&quot;:80.0,&quot;baseSize&quot;:8.5,&quot;stretchY&quot;:12.0,&quot;biomeDepthWeight&quot;:1.0,&quot;biomeDepthOffset&quot;:0.0,&quot;biomeScaleWeight&quot;:1.0,&quot;biomeScaleOffset&quot;:0.0,&quot;seaLevel&quot;:1,&quot;useCaves&quot;:false,&quot;useDungeons&quot;:false,&quot;dungeonChance&quot;:8,&quot;useStrongholds&quot;:false,&quot;useVillages&quot;:false,&quot;useMineShafts&quot;:false,&quot;useTemples&quot;:false,&quot;useMonuments&quot;:false,&quot;useMansions&quot;:false,&quot;useRavines&quot;:false,&quot;useWaterLakes&quot;:false,&quot;waterLakeChance&quot;:4,&quot;useLavaLakes&quot;:false,&quot;lavaLakeChance&quot;:80,&quot;useLavaOceans&quot;:false,&quot;fixedBiome&quot;:4,&quot;biomeSize&quot;:4,&quot;riverSize&quot;:1,&quot;dirtSize&quot;:33,&quot;dirtCount&quot;:10,&quot;dirtMinHeight&quot;:0,&quot;dirtMaxHeight&quot;:256,&quot;gravelSize&quot;:33,&quot;gravelCount&quot;:8,&quot;gravelMinHeight&quot;:0,&quot;gravelMaxHeight&quot;:256,&quot;graniteSize&quot;:33,&quot;graniteCount&quot;:10,&quot;graniteMinHeight&quot;:0,&quot;graniteMaxHeight&quot;:80,&quot;dioriteSize&quot;:33,&quot;dioriteCount&quot;:10,&quot;dioriteMinHeight&quot;:0,&quot;dioriteMaxHeight&quot;:80,&quot;andesiteSize&quot;:33,&quot;andesiteCount&quot;:10,&quot;andesiteMinHeight&quot;:0,&quot;andesiteMaxHeight&quot;:80,&quot;coalSize&quot;:17,&quot;coalCount&quot;:20,&quot;coalMinHeight&quot;:0,&quot;coalMaxHeight&quot;:128,&quot;ironSize&quot;:9,&quot;ironCount&quot;:20,&quot;ironMinHeight&quot;:0,&quot;ironMaxHeight&quot;:64,&quot;goldSize&quot;:9,&quot;goldCount&quot;:2,&quot;goldMinHeight&quot;:0,&quot;goldMaxHeight&quot;:32,&quot;redstoneSize&quot;:8,&quot;redstoneCount&quot;:8,&quot;redstoneMinHeight&quot;:0,&quot;redstoneMaxHeight&quot;:16,&quot;diamondSize&quot;:8,&quot;diamondCount&quot;:1,&quot;diamondMinHeight&quot;:0,&quot;diamondMaxHeight&quot;:16,&quot;lapisSize&quot;:7,&quot;lapisCount&quot;:1,&quot;lapisCenterHeight&quot;:16,&quot;lapisSpread&quot;:16}"/><ServerQuitFromTimeUp timeLimitMs="400000" description="out_of_time"/><ServerQuitWhenAnyAgentFinishes/></ServerHandlers></ServerSection><AgentSection mode="Survival"><Name>MineRLAgent0</Name><AgentStart><GuiScale>1.0</GuiScale><GammaSetting>2.0</GammaSetting><FOVSetting>70.0</FOVSetting><FakeCursorSize>16</FakeCursorSize><Inventory><InventoryObject slot="0" type="iron_axe" quantity="1"/></Inventory></AgentStart><AgentHandlers><FileBasedPerformanceProducer/><PauseCommand/><VideoProducer want_depth="false"><Width>64</Width><Height>64</Height></VideoProducer><HumanLevelCommands/><CameraCommands/><RewardForPossessingItem sparse="false" excludeLoops="true"><Item amount="1" reward="1.0" type="log"/></RewardForPossessingItem><AgentQuitFromPossessingItem><Item type="log" amount="64"/></AgentQuitFromPossessingItem></AgentHandlers></AgentSection></Mission><ExperimentUID>f4393c49-0a46-4f73-b112-215a92efb833</ExperimentUID><ClientRole>0</ClientRole><ClientAgentConnection><ClientIPAddress>127.0.0.1</ClientIPAddress><ClientMissionControlPort>0</ClientMissionControlPort><ClientCommandsPort>0</ClientCommandsPort><AgentIPAddress>127.0.0.1</AgentIPAddress><AgentMissionControlPort>0</AgentMissionControlPort><AgentVideoPort>0</AgentVideoPort><AgentDepthPort>0</AgentDepthPort><AgentLuminancePort>0</AgentLuminancePort><AgentObservationsPort>0</AgentObservationsPort><AgentRewardsPort>0</AgentRewardsPort><AgentColourMapPort>0</AgentColourMapPort></ClientAgentConnection></MissionInit>
[01:32:57] [EnvServerSocketHandler/INFO]: [STDOUT]: Setting width, height to 64, 64
[01:32:57] [EnvServerSocketHandler/INFO]: [STDOUT]: Gamma: 2.0
[01:32:57] [EnvServerSocketHandler/INFO]: [STDOUT]: FOV: 70.0
[01:32:57] [EnvServerSocketHandler/INFO]: [STDOUT]: GuiScale: 1.0
[01:32:57] [Render thread/INFO]: [STDOUT]: Seed not provided, generating random one: 997601873570996862
[01:32:58] [Render thread/WARN]: Ambiguity between arguments [teleport, destination] and [teleport, targets] with inputs: [Player, 0123, @e, dd12be42-52a9-4a91-a8a1-11c01849e498]
[01:32:58] [Render thread/WARN]: Ambiguity between arguments [teleport, location] and [teleport, destination] with inputs: [0.1 -0.5 .9, 0 0 0]
[01:32:58] [Render thread/WARN]: Ambiguity between arguments [teleport, location] and [teleport, targets] with inputs: [0.1 -0.5 .9, 0 0 0]
[01:32:58] [Render thread/WARN]: Ambiguity between arguments [teleport, targets] and [teleport, destination] with inputs: [Player, 0123, dd12be42-52a9-4a91-a8a1-11c01849e498]
[01:32:58] [Render thread/WARN]: Ambiguity between arguments [teleport, targets, location] and [teleport, targets, destination] with inputs: [0.1 -0.5 .9, 0 0 0]
[01:32:58] [Render thread/INFO]: Reloading ResourceManager: Default
[01:32:58] [Render thread/INFO]: Loaded 7 recipes
[01:32:58] [Render thread/INFO]: Loaded 927 advancements
[01:32:58] [Render thread/INFO]: Environment: authHost='https://authserver.mojang.com', accountsHost='https://api.mojang.com', sessionHost='https://sessionserver.mojang.com', servicesHost='https://api.minecraftservices.com', name='PROD'
[01:32:58] [Render thread/INFO]: Starting integrated minecraft server version 1.16.5
[01:32:58] [Render thread/INFO]: Generating keypair
[01:33:01] [Render thread/INFO]: Preparing start region for dimension minecraft:overworld
[01:33:13] [Render thread/INFO]: Changing view distance to 11, from 10
[01:33:13] [Render thread/INFO]: MineRLAgent0[local:E:a9402c4a] logged in with entity id 2960 at (-561.5, 65.0, 715.5)
[01:33:13] [Render thread/INFO]: MineRLAgent0 joined the game
[01:33:13] [Render thread/INFO]: Preparing spawn area: 31%
[01:33:13] [Render thread/INFO]: Time elapsed: 1 ms
[01:33:13] [Render thread/INFO]: [STDOUT]: Starting new video null
[01:33:13] [Render thread/INFO]: Saving and pausing game...
[01:33:13] [Render thread/INFO]: Saving chunks for level 'ServerLevel[mcpworld578411d21339]'/minecraft:overworld
[01:33:14] [Render thread/INFO]: Saving chunks for level 'ServerLevel[mcpworld578411d21339]'/minecraft:the_nether
[01:33:14] [Render thread/INFO]: Saving chunks for level 'ServerLevel[mcpworld578411d21339]'/minecraft:the_end
[01:33:14] [Render thread/INFO]: Loaded 3 advancements
[01:38:24] [Render thread/INFO]: [STDOUT]: Starting new video null
[01:40:07] [EnvServerSocketHandler/INFO]: [STDOUT]: *** Stopping the replay, returning control to the inputs
[01:40:07] [EnvServerSocketHandler/INFO]: Received Mission token 28d20d9e-f805-4641-80ae-3a4556dd1dc4:0:0:1:true
[01:40:07] [EnvServerSocketHandler/INFO]: Received mission init command  <MissionInit xmlns="http://ProjectMalmo.microsoft.com" xmlns:xsi="http://www.w3.org/2001/XMLSchema-instance" SchemaVersion="" PlatformVersion="0.37.0"><Mission><About><Summary>MineRLTreechop-v0</Summary></About><ModSettings><MsPerTick>50</MsPerTick></ModSettings><ServerSection><HumanInteraction><Port>None</Port><MaxPlayers>10</MaxPlayers></HumanInteraction><ServerInitialConditions><Time><AllowPassageOfTime>false</AllowPassageOfTime></Time><AllowSpawning>true</AllowSpawning></ServerInitialConditions><ServerHandlers><DefaultWorldGenerator forceReset="true" generatorOptions="{&quot;coordinateScale&quot;:684.412,&quot;heightScale&quot;:684.412,&quot;lowerLimitScale&quot;:512.0,&quot;upperLimitScale&quot;:512.0,&quot;depthNoiseScaleX&quot;:200.0,&quot;depthNoiseScaleZ&quot;:200.0,&quot;depthNoiseScaleExponent&quot;:0.5,&quot;mainNoiseScaleX&quot;:80.0,&quot;mainNoiseScaleY&quot;:160.0,&quot;mainNoiseScaleZ&quot;:80.0,&quot;baseSize&quot;:8.5,&quot;stretchY&quot;:12.0,&quot;biomeDepthWeight&quot;:1.0,&quot;biomeDepthOffset&quot;:0.0,&quot;biomeScaleWeight&quot;:1.0,&quot;biomeScaleOffset&quot;:0.0,&quot;seaLevel&quot;:1,&quot;useCaves&quot;:false,&quot;useDungeons&quot;:false,&quot;dungeonChance&quot;:8,&quot;useStrongholds&quot;:false,&quot;useVillages&quot;:false,&quot;useMineShafts&quot;:false,&quot;useTemples&quot;:false,&quot;useMonuments&quot;:false,&quot;useMansions&quot;:false,&quot;useRavines&quot;:false,&quot;useWaterLakes&quot;:false,&quot;waterLakeChance&quot;:4,&quot;useLavaLakes&quot;:false,&quot;lavaLakeChance&quot;:80,&quot;useLavaOceans&quot;:false,&quot;fixedBiome&quot;:4,&quot;biomeSize&quot;:4,&quot;riverSize&quot;:1,&quot;dirtSize&quot;:33,&quot;dirtCount&quot;:10,&quot;dirtMinHeight&quot;:0,&quot;dirtMaxHeight&quot;:256,&quot;gravelSize&quot;:33,&quot;gravelCount&quot;:8,&quot;gravelMinHeight&quot;:0,&quot;gravelMaxHeight&quot;:256,&quot;graniteSize&quot;:33,&quot;graniteCount&quot;:10,&quot;graniteMinHeight&quot;:0,&quot;graniteMaxHeight&quot;:80,&quot;dioriteSize&quot;:33,&quot;dioriteCount&quot;:10,&quot;dioriteMinHeight&quot;:0,&quot;dioriteMaxHeight&quot;:80,&quot;andesiteSize&quot;:33,&quot;andesiteCount&quot;:10,&quot;andesiteMinHeight&quot;:0,&quot;andesiteMaxHeight&quot;:80,&quot;coalSize&quot;:17,&quot;coalCount&quot;:20,&quot;coalMinHeight&quot;:0,&quot;coalMaxHeight&quot;:128,&quot;ironSize&quot;:9,&quot;ironCount&quot;:20,&quot;ironMinHeight&quot;:0,&quot;ironMaxHeight&quot;:64,&quot;goldSize&quot;:9,&quot;goldCount&quot;:2,&quot;goldMinHeight&quot;:0,&quot;goldMaxHeight&quot;:32,&quot;redstoneSize&quot;:8,&quot;redstoneCount&quot;:8,&quot;redstoneMinHeight&quot;:0,&quot;redstoneMaxHeight&quot;:16,&quot;diamondSize&quot;:8,&quot;diamondCount&quot;:1,&quot;diamondMinHeight&quot;:0,&quot;diamondMaxHeight&quot;:16,&quot;lapisSize&quot;:7,&quot;lapisCount&quot;:1,&quot;lapisCenterHeight&quot;:16,&quot;lapisSpread&quot;:16}"/><ServerQuitFromTimeUp timeLimitMs="400000" description="out_of_time"/><ServerQuitWhenAnyAgentFinishes/></ServerHandlers></ServerSection><AgentSection mode="Survival"><Name>MineRLAgent0</Name><AgentStart><GuiScale>1.0</GuiScale><GammaSetting>2.0</GammaSetting><FOVSetting>70.0</FOVSetting><FakeCursorSize>16</FakeCursorSize><Inventory><InventoryObject slot="0" type="iron_axe" quantity="1"/></Inventory></AgentStart><AgentHandlers><FileBasedPerformanceProducer/><PauseCommand/><VideoProducer want_depth="false"><Width>64</Width><Height>64</Height></VideoProducer><HumanLevelCommands/><CameraCommands/><RewardForPossessingItem sparse="false" excludeLoops="true"><Item amount="1" reward="1.0" type="log"/></RewardForPossessingItem><AgentQuitFromPossessingItem><Item type="log" amount="64"/></AgentQuitFromPossessingItem></AgentHandlers></AgentSection></Mission><ExperimentUID>28d20d9e-f805-4641-80ae-3a4556dd1dc4</ExperimentUID><ClientRole>0</ClientRole><ClientAgentConnection><ClientIPAddress>127.0.0.1</ClientIPAddress><ClientMissionControlPort>0</ClientMissionControlPort><ClientCommandsPort>0</ClientCommandsPort><AgentIPAddress>127.0.0.1</AgentIPAddress><AgentMissionControlPort>0</AgentMissionControlPort><AgentVideoPort>0</AgentVideoPort><AgentDepthPort>0</AgentDepthPort><AgentLuminancePort>0</AgentLuminancePort><AgentObservationsPort>0</AgentObservationsPort><AgentRewardsPort>0</AgentRewardsPort><AgentColourMapPort>0</AgentColourMapPort></ClientAgentConnection></MissionInit>
[01:40:08] [EnvServerSocketHandler/INFO]: [STDOUT]: Setting width, height to 64, 64
[01:40:08] [EnvServerSocketHandler/INFO]: [STDOUT]: Gamma: 2.0
[01:40:08] [EnvServerSocketHandler/INFO]: [STDOUT]: FOV: 70.0
[01:40:08] [EnvServerSocketHandler/INFO]: [STDOUT]: GuiScale: 1.0
[01:40:08] [Render thread/INFO]: [STDOUT]: Seed not provided, generating random one: 7580301331729014075
[01:40:08] [Render thread/WARN]: Ambiguity between arguments [teleport, destination] and [teleport, targets] with inputs: [Player, 0123, @e, dd12be42-52a9-4a91-a8a1-11c01849e498]
[01:40:08] [Render thread/WARN]: Ambiguity between arguments [teleport, location] and [teleport, destination] with inputs: [0.1 -0.5 .9, 0 0 0]
[01:40:08] [Render thread/WARN]: Ambiguity between arguments [teleport, location] and [teleport, targets] with inputs: [0.1 -0.5 .9, 0 0 0]
[01:40:08] [Render thread/WARN]: Ambiguity between arguments [teleport, targets] and [teleport, destination] with inputs: [Player, 0123, dd12be42-52a9-4a91-a8a1-11c01849e498]
[01:40:08] [Render thread/WARN]: Ambiguity between arguments [teleport, targets, location] and [teleport, targets, destination] with inputs: [0.1 -0.5 .9, 0 0 0]
[01:40:08] [Render thread/INFO]: Reloading ResourceManager: Default
[01:40:08] [Render thread/INFO]: Loaded 7 recipes
[01:40:08] [Render thread/INFO]: Loaded 927 advancements
[01:40:08] [Render thread/INFO]: Environment: authHost='https://authserver.mojang.com', accountsHost='https://api.mojang.com', sessionHost='https://sessionserver.mojang.com', servicesHost='https://api.minecraftservices.com', name='PROD'
[01:40:08] [Render thread/INFO]: Starting integrated minecraft server version 1.16.5
[01:40:08] [Render thread/INFO]: Generating keypair
[01:40:12] [Render thread/INFO]: Preparing start region for dimension minecraft:overworld
[01:40:20] [Render thread/INFO]: Changing view distance to 11, from 10
[01:40:20] [Render thread/INFO]: MineRLAgent0[local:E:5e53d5fc] logged in with entity id 4886 at (-541.5, 71.0, -485.5)
[01:40:20] [Render thread/INFO]: MineRLAgent0 joined the game
[01:40:20] [Render thread/INFO]: Preparing spawn area: 4%
[01:40:20] [Render thread/INFO]: Time elapsed: 2 ms
[01:40:21] [Render thread/INFO]: [STDOUT]: Starting new video null
[01:40:21] [Render thread/INFO]: Saving and pausing game...
[01:40:21] [Render thread/INFO]: Saving chunks for level 'ServerLevel[mcpworldb26ddc239935]'/minecraft:overworld
[01:40:21] [Render thread/INFO]: Saving chunks for level 'ServerLevel[mcpworldb26ddc239935]'/minecraft:the_nether
[01:40:21] [Render thread/INFO]: Saving chunks for level 'ServerLevel[mcpworldb26ddc239935]'/minecraft:the_end
[01:40:21] [Render thread/INFO]: Loaded 3 advancements
[01:40:23] [EnvServerSocketHandler/INFO]: [STDOUT]: *** Stopping the replay, returning control to the inputs
